Starting project at /workspace/pill-reminder-expo
Starting Metro Bundler
warning: Bundler cache is empty, rebuilding (this may take a minute)
Tunnel connected.
Tunnel ready.
Waiting on http://localhost:8082
Logs for your project will appear below.
Android ./index.ts ░░░░░░░░░░░░░░░░  0.0% (0/1)
Android ./index.ts ▓░░░░░░░░░░░░░░░ 11.1% ( 41/162)
Android ./index.ts ▓▓▓▓░░░░░░░░░░░░ 30.2% (166/302)
Android ./index.ts ▓▓▓▓▓▓▓▓▓░░░░░░░ 59.0% (361/470)
Android ./index.ts ▓▓▓▓▓▓▓▓▓▓▓▓▓░░░ 84.5% (502/548)
Android ./index.ts ▓▓▓▓▓▓▓▓▓▓▓▓▓▓▓░ 98.4% (617/622)
Android ./index.ts ▓▓▓▓▓▓▓▓▓▓▓▓▓▓▓░ 99.7% (695/696)
Android Bundled 23662ms index.ts (696 modules)
 WARN  SafeAreaView has been deprecated and will be removed in a future release. Please use 'react-native-safe-area-context' instead. See https://github.com/th3rdwave/react-native-safe-area-context
Android ./index.ts ░░░░░░░░░░░░░░░░  0.0% (0/1)
Android Bundled 1759ms index.ts (1 module)
 WARN  SafeAreaView has been deprecated and will be removed in a future release. Please use 'react-native-safe-area-context' instead. See https://github.com/th3rdwave/react-native-safe-area-context
Tunnel connection has been closed. This is often related to intermittent connection issues between the dev server and ngrok. Restart the dev server to try connecting to ngrok again.
Check the Ngrok status page for outages: https://status.ngrok.com/
Tunnel connected.
Tunnel connection has been closed. This is often related to intermittent connection issues between the dev server and ngrok. Restart the dev server to try connecting to ngrok again.
Check the Ngrok status page for outages: https://status.ngrok.com/
Tunnel connected.
